{"C:\\Users\\eroi\\Documents\\kuliah\\TerasDesa\\terasdesa-backend\\src\\config\\db.js": {"path":"C:\\Users\\eroi\\Documents\\kuliah\\TerasDesa\\terasdesa-backend\\src\\config\\db.js","statementMap":{"0":{"start":{"line":1,"column":14},"end":{"line":1,"column":39}},"1":{"start":{"line":2,"column":0},"end":{"line":2,"column":27}},"2":{"start":{"line":4,"column":11},"end":{"line":9,"column":2}},"3":{"start":{"line":11,"column":15},"end":{"line":135,"column":1}},"4":{"start":{"line":12,"column":2},"end":{"line":134,"column":3}},"5":{"start":{"line":13,"column":4},"end":{"line":27,"column":7}},"6":{"start":{"line":28,"column":4},"end":{"line":28,"column":37}},"7":{"start":{"line":30,"column":4},"end":{"line":45,"column":7}},"8":{"start":{"line":46,"column":4},"end":{"line":46,"column":40}},"9":{"start":{"line":48,"column":4},"end":{"line":59,"column":7}},"10":{"start":{"line":60,"column":4},"end":{"line":60,"column":40}},"11":{"start":{"line":62,"column":4},"end":{"line":74,"column":7}},"12":{"start":{"line":75,"column":4},"end":{"line":75,"column":36}},"13":{"start":{"line":77,"column":4},"end":{"line":85,"column":7}},"14":{"start":{"line":86,"column":4},"end":{"line":86,"column":37}},"15":{"start":{"line":88,"column":4},"end":{"line":100,"column":7}},"16":{"start":{"line":101,"column":4},"end":{"line":101,"column":42}},"17":{"start":{"line":103,"column":4},"end":{"line":114,"column":7}},"18":{"start":{"line":115,"column":4},"end":{"line":115,"column":41}},"19":{"start":{"line":117,"column":4},"end":{"line":129,"column":7}},"20":{"start":{"line":130,"column":4},"end":{"line":130,"column":47}},"21":{"start":{"line":137,"column":0},"end":{"line":137,"column":9}},"22":{"start":{"line":138,"column":0},"end":{"line":138,"column":20}}},"fnMap":{"0":{"name":"(anonymous_0)","decl":{"start":{"line":11,"column":15},"end":{"line":11,"column":16}},"loc":{"start":{"line":11,"column":27},"end":{"line":135,"column":1}},"line":11}},"branchMap":{},"s":{"0":1,"1":1,"2":1,"3":1,"4":1,"5":1,"6":0,"7":0,"8":0,"9":0,"10":0,"11":0,"12":0,"13":0,"14":0,"15":0,"16":0,"17":0,"18":0,"19":0,"20":0,"21":1,"22":1},"f":{"0":1},"b":{},"_coverageSchema":"1a1c01bbd47fc00a2c39e90264f33305004495a9","hash":"85ca449e719bac5fab01cecd9ec003a2c49aa2b7"}
,"C:\\Users\\eroi\\Documents\\kuliah\\TerasDesa\\terasdesa-backend\\src\\services\\productService.js": {"path":"C:\\Users\\eroi\\Documents\\kuliah\\TerasDesa\\terasdesa-backend\\src\\services\\productService.js","statementMap":{"0":{"start":{"line":1,"column":11},"end":{"line":1,"column":34}},"1":{"start":{"line":4,"column":23},"end":{"line":14,"column":1}},"2":{"start":{"line":5,"column":18},"end":{"line":11,"column":5}},"3":{"start":{"line":12,"column":19},"end":{"line":12,"column":40}},"4":{"start":{"line":13,"column":4},"end":{"line":13,"column":16}},"5":{"start":{"line":17,"column":23},"end":{"line":30,"column":1}},"6":{"start":{"line":18,"column":18},"end":{"line":26,"column":5}},"7":{"start":{"line":28,"column":19},"end":{"line":28,"column":46}},"8":{"start":{"line":29,"column":4},"end":{"line":29,"column":19}},"9":{"start":{"line":33,"column":22},"end":{"line":54,"column":1}},"10":{"start":{"line":34,"column":56},"end":{"line":34,"column":60}},"11":{"start":{"line":37,"column":21},"end":{"line":37,"column":71}},"12":{"start":{"line":39,"column":18},"end":{"line":42,"column":5}},"13":{"start":{"line":44,"column":21},"end":{"line":44,"column":95}},"14":{"start":{"line":47,"column":4},"end":{"line":53,"column":6}},"15":{"start":{"line":57,"column":22},"end":{"line":76,"column":1}},"16":{"start":{"line":59,"column":19},"end":{"line":59,"column":85}},"17":{"start":{"line":61,"column":4},"end":{"line":63,"column":5}},"18":{"start":{"line":62,"column":8},"end":{"line":62,"column":50}},"19":{"start":{"line":65,"column":20},"end":{"line":65,"column":27}},"20":{"start":{"line":69,"column":4},"end":{"line":71,"column":5}},"21":{"start":{"line":70,"column":8},"end":{"line":70,"column":40}},"22":{"start":{"line":74,"column":4},"end":{"line":74,"column":69}},"23":{"start":{"line":75,"column":4},"end":{"line":75,"column":16}},"24":{"start":{"line":78,"column":0},"end":{"line":83,"column":2}}},"fnMap":{"0":{"name":"(anonymous_0)","decl":{"start":{"line":4,"column":23},"end":{"line":4,"column":24}},"loc":{"start":{"line":4,"column":35},"end":{"line":14,"column":1}},"line":4},"1":{"name":"(anonymous_1)","decl":{"start":{"line":17,"column":23},"end":{"line":17,"column":24}},"loc":{"start":{"line":17,"column":37},"end":{"line":30,"column":1}},"line":17},"2":{"name":"(anonymous_2)","decl":{"start":{"line":33,"column":22},"end":{"line":33,"column":23}},"loc":{"start":{"line":33,"column":44},"end":{"line":54,"column":1}},"line":33},"3":{"name":"(anonymous_3)","decl":{"start":{"line":57,"column":22},"end":{"line":57,"column":23}},"loc":{"start":{"line":57,"column":61},"end":{"line":76,"column":1}},"line":57}},"branchMap":{"0":{"loc":{"start":{"line":37,"column":21},"end":{"line":37,"column":71}},"type":"cond-expr","locations":[{"start":{"line":37,"column":28},"end":{"line":37,"column":64}},{"start":{"line":37,"column":67},"end":{"line":37,"column":71}}],"line":37},"1":{"loc":{"start":{"line":61,"column":4},"end":{"line":63,"column":5}},"type":"if","locations":[{"start":{"line":61,"column":4},"end":{"line":63,"column":5}},{"start":{},"end":{}}],"line":61},"2":{"loc":{"start":{"line":69,"column":4},"end":{"line":71,"column":5}},"type":"if","locations":[{"start":{"line":69,"column":4},"end":{"line":71,"column":5}},{"start":{},"end":{}}],"line":69},"3":{"loc":{"start":{"line":69,"column":8},"end":{"line":69,"column":57}},"type":"binary-expr","locations":[{"start":{"line":69,"column":8},"end":{"line":69,"column":33}},{"start":{"line":69,"column":37},"end":{"line":69,"column":57}}],"line":69}},"s":{"0":1,"1":1,"2":1,"3":1,"4":1,"5":1,"6":2,"7":2,"8":2,"9":1,"10":2,"11":2,"12":2,"13":2,"14":2,"15":1,"16":4,"17":4,"18":1,"19":3,"20":3,"21":1,"22":2,"23":2,"24":1},"f":{"0":1,"1":2,"2":2,"3":4},"b":{"0":[1,1],"1":[1,3],"2":[1,2],"3":[3,2]},"_coverageSchema":"1a1c01bbd47fc00a2c39e90264f33305004495a9","hash":"b64f2737a8b6c4c15e95aae00144f6f2f79cdd1c"}
}
