TN:
SF:src\config\db.js
FN:11,(anonymous_0)
FNF:1
FNH:1
FNDA:1,(anonymous_0)
DA:1,1
DA:2,1
DA:4,1
DA:11,1
DA:12,1
DA:13,1
DA:28,0
DA:30,0
DA:46,0
DA:48,0
DA:60,0
DA:62,0
DA:75,0
DA:77,0
DA:86,0
DA:88,0
DA:101,0
DA:103,0
DA:115,0
DA:117,0
DA:130,0
DA:137,1
DA:138,1
LF:23
LH:8
BRF:0
BRH:0
end_of_record
TN:
SF:src\services\productService.js
FN:4,(anonymous_0)
FN:17,(anonymous_1)
FN:33,(anonymous_2)
FN:57,(anonymous_3)
FNF:4
FNH:4
FNDA:1,(anonymous_0)
FNDA:2,(anonymous_1)
FNDA:2,(anonymous_2)
FNDA:4,(anonymous_3)
DA:1,1
DA:4,1
DA:5,1
DA:12,1
DA:13,1
DA:17,1
DA:18,2
DA:28,2
DA:29,2
DA:33,1
DA:34,2
DA:37,2
DA:39,2
DA:44,2
DA:47,2
DA:57,1
DA:59,4
DA:61,4
DA:62,1
DA:65,3
DA:69,3
DA:70,1
DA:74,2
DA:75,2
DA:78,1
LF:25
LH:25
BRDA:37,0,0,1
BRDA:37,0,1,1
BRDA:61,1,0,1
BRDA:61,1,1,3
BRDA:69,2,0,1
BRDA:69,2,1,2
BRDA:69,3,0,3
BRDA:69,3,1,2
BRF:8
BRH:8
end_of_record
